{"total": {"lines":{"total":142,"covered":142,"skipped":0,"pct":100},"statements":{"total":156,"covered":156,"skipped":0,"pct":100},"functions":{"total":37,"covered":37,"skipped":0,"pct":100},"branches":{"total":88,"covered":86,"skipped":0,"pct":97.73}}
,"C:\\Dev\\foundryvtt-simple-calendar\\src\\classes\\day.ts": {"lines":{"total":14,"covered":14,"skipped":0,"pct":100},"functions":{"total":3,"covered":3,"skipped":0,"pct":100},"statements":{"total":14,"covered":14,"skipped":0,"pct":100},"branches":{"total":5,"covered":5,"skipped":0,"pct":100}}
,"C:\\Dev\\foundryvtt-simple-calendar\\src\\classes\\logging.ts": {"lines":{"total":11,"covered":11,"skipped":0,"pct":100},"functions":{"total":4,"covered":4,"skipped":0,"pct":100},"statements":{"total":11,"covered":11,"skipped":0,"pct":100},"branches":{"total":10,"covered":10,"skipped":0,"pct":100}}
,"C:\\Dev\\foundryvtt-simple-calendar\\src\\classes\\month.ts": {"lines":{"total":43,"covered":43,"skipped":0,"pct":100},"functions":{"total":13,"covered":13,"skipped":0,"pct":100},"statements":{"total":49,"covered":49,"skipped":0,"pct":100},"branches":{"total":23,"covered":23,"skipped":0,"pct":100}}
,"C:\\Dev\\foundryvtt-simple-calendar\\src\\classes\\year.ts": {"lines":{"total":74,"covered":74,"skipped":0,"pct":100},"functions":{"total":17,"covered":17,"skipped":0,"pct":100},"statements":{"total":82,"covered":82,"skipped":0,"pct":100},"branches":{"total":50,"covered":48,"skipped":0,"pct":96}}
}
